#-----------------------------------------------------------
# Vivado v2020.2 (64-bit)
# SW Build 3064766 on Wed Nov 18 09:12:45 MST 2020
# IP Build 3064653 on Wed Nov 18 14:17:31 MST 2020
# Start of session at: Sat Jul  9 13:47:23 2022
# Process ID: 3228
# Current directory: C:/Logic_Design/Lab10/project/amumu
# Command line: vivado.exe -gui_launcher_event rodinguilauncherevent8984 C:\Logic_Design\Lab10\project\amumu\amumu.xpr
# Log file: C:/Logic_Design/Lab10/project/amumu/vivado.log
# Journal file: C:/Logic_Design/Lab10/project/amumu\vivado.jou
#-----------------------------------------------------------
start_gui
open_project C:/Logic_Design/Lab10/project/amumu/amumu.xpr
Scanning sources...
Finished scanning sources
INFO: [IP_Flow 19-234] Refreshing IP repositories
INFO: [IP_Flow 19-1704] No user IP repositories specified
INFO: [IP_Flow 19-2313] Loaded Vivado IP repository 'C:/Xilinx/Vivado/2020.2/data/ip'.
open_project: Time (s): cpu = 00:00:10 ; elapsed = 00:00:08 . Memory (MB): peak = 1140.020 ; gain = 0.000
update_compile_order -fileset sources_1
exit
INFO: [Common 17-206] Exiting Vivado at Sat Jul  9 13:48:03 2022...
