Copyright 1986-2020 Xilinx, Inc. All Rights Reserved.
------------------------------------------------------------------------------------
| Tool Version : Vivado v.2020.2 (win64) Build 3064766 Wed Nov 18 09:12:45 MST 2020
| Date         : Wed Jul  6 13:59:53 2022
| Host         : 03E3 running 64-bit major release  (build 9200)
| Command      : report_control_sets -verbose -file top_control_sets_placed.rpt
| Design       : top
| Device       : xc7a35t
------------------------------------------------------------------------------------

Control Set Information

Table of Contents
-----------------
1. Summary
2. Histogram
3. Flip-Flop Distribution
4. Detailed Control Set Information

1. Summary
----------

+----------------------------------------------------------+-------+
|                          Status                          | Count |
+----------------------------------------------------------+-------+
| Total control sets                                       |     6 |
|    Minimum number of control sets                        |     6 |
|    Addition due to synthesis replication                 |     0 |
|    Addition due to physical synthesis replication        |     0 |
| Unused register locations in slices containing registers |     8 |
+----------------------------------------------------------+-------+
* Control sets can be merged at opt_design using control_set_merge or merge_equivalent_drivers
** Run report_qor_suggestions for automated merging and remapping suggestions


2. Histogram
------------

+--------------------+-------+
|       Fanout       | Count |
+--------------------+-------+
| Total control sets |     6 |
| >= 0 to < 4        |     0 |
| >= 4 to < 6        |     0 |
| >= 6 to < 8        |     3 |
| >= 8 to < 10       |     0 |
| >= 10 to < 12      |     0 |
| >= 12 to < 14      |     0 |
| >= 14 to < 16      |     1 |
| >= 16              |     2 |
+--------------------+-------+
* Control sets can be remapped at either synth_design or opt_design


3. Flip-Flop Distribution
-------------------------

+--------------+-----------------------+------------------------+-----------------+--------------+
| Clock Enable | Synchronous Set/Reset | Asynchronous Set/Reset | Total Registers | Total Slices |
+--------------+-----------------------+------------------------+-----------------+--------------+
| No           | No                    | No                     |               0 |            0 |
| No           | No                    | Yes                    |              86 |           22 |
| No           | Yes                   | No                     |               0 |            0 |
| Yes          | No                    | No                     |               0 |            0 |
| Yes          | No                    | Yes                    |              26 |           10 |
| Yes          | Yes                   | No                     |               0 |            0 |
+--------------+-----------------------+------------------------+-----------------+--------------+


4. Detailed Control Set Information
-----------------------------------

+------------------------+---------------------+--------------------------+------------------+----------------+--------------+
|      Clock Signal      |    Enable Signal    |     Set/Reset Signal     | Slice Load Count | Bel Load Count | Bels / Slice |
+------------------------+---------------------+--------------------------+------------------+----------------+--------------+
|  fd1/clk_div_reg_0     | w1/min/sec_count_en | w1/min/count_en_reg      |                2 |              6 |         3.00 |
|  fd1/clk_div_reg_0     | w1/min/sec_borrow   | w1/min/binary[5]_i_3_n_0 |                2 |              6 |         3.00 |
|  fd1/clk_div_ssd_reg_0 |                     | rst_n_IBUF               |                3 |              6 |         2.00 |
|  fd1/clk_div_ssd_reg_0 | c1/E[0]             | rst_n_IBUF               |                6 |             14 |         2.33 |
|  fd1/clk_div_btn_reg_0 |                     | rst_n_IBUF               |                4 |             16 |         4.00 |
|  clk_IBUF_BUFG         |                     | rst_n_IBUF               |               15 |             64 |         4.27 |
+------------------------+---------------------+--------------------------+------------------+----------------+--------------+


